
> lokimetasmith.github.io@1.0.0 dev /app
> vite


  VITE v7.3.0  ready in 1235 ms

  ➜  Local:   http://localhost:5173/
  ➜  Network: http://192.168.0.2:5173/
5:11:57 AM [vite] (client) hmr update /styles.css?direct
5:11:57 AM [vite] (client) hmr update /styles.css?direct
5:11:59 AM [vite] (client) hmr update /styles.css?direct
5:11:59 AM [vite] (client) hmr update /styles.css?direct
5:12:00 AM [vite] (client) hmr update /styles.css?direct
5:12:00 AM [vite] (client) hmr update /styles.css?direct
5:12:00 AM [vite] (client) hmr update /styles.css?direct
5:12:00 AM [vite] (client) hmr update /styles.css?direct
5:12:00 AM [vite] (client) hmr update /styles.css?direct
5:12:00 AM [vite] (client) hmr update /styles.css?direct
5:12:18 AM [vite] (client) hmr update /styles.css?direct
5:12:18 AM [vite] (client) hmr update /styles.css?direct
5:12:21 AM [vite] (client) hmr update /styles.css?direct
5:12:21 AM [vite] (client) hmr update /styles.css?direct
5:12:21 AM [vite] (client) hmr update /styles.css?direct
5:12:21 AM [vite] (client) hmr update /styles.css?direct
5:12:22 AM [vite] (client) hmr update /styles.css?direct
5:12:22 AM [vite] (client) hmr update /styles.css?direct
5:12:22 AM [vite] (client) hmr update /styles.css?direct
5:12:22 AM [vite] (client) hmr update /styles.css?direct
5:12:22 AM [vite] (client) hmr update /styles.css?direct
5:12:22 AM [vite] (client) hmr update /styles.css?direct
5:14:28 AM [vite] (client) page reload src/index.js
5:14:28 AM [vite] (client) hmr update /styles.css?direct
5:14:58 AM [vite] (client) page reload src/index.js
5:14:58 AM [vite] (client) hmr update /styles.css?direct
5:15:58 AM [vite] (client) page reload src/index.js
5:15:58 AM [vite] (client) hmr update /styles.css?direct
5:18:12 AM [vite] (client) page reload src/index.js
5:18:12 AM [vite] (client) hmr update /styles.css?direct
5:19:02 AM [vite] (client) page reload src/index.js
5:19:02 AM [vite] (client) hmr update /styles.css?direct
5:19:09 AM [vite] (client) page reload src/index.js
5:19:09 AM [vite] (client) hmr update /styles.css?direct
5:19:50 AM [vite] (client) page reload src/index.js
5:19:50 AM [vite] (client) hmr update /styles.css?direct
5:20:59 AM [vite] (client) page reload src/index.js
5:20:59 AM [vite] (client) hmr update /styles.css?direct
5:22:03 AM [vite] (client) page reload src/index.js
5:22:03 AM [vite] (client) hmr update /styles.css?direct
5:22:12 AM [vite] (client) page reload src/index.js
5:22:12 AM [vite] (client) hmr update /styles.css?direct
 ELIFECYCLE  Command failed.
