
> server@1.0.0 start
> node index.js

[dotenv@17.2.3] injecting env (6) from .env -- tip: 🔐 prevent building .env in docker: https://dotenvx.com/prebuild
2026-02-14 18:49:33 [32minfo[39m: [QUEUE] NO_REDIS=true. Using in-memory queues. {"service":"print-shop-server"}
[dotenv@17.2.3] injecting env (0) from .env -- tip: ⚙️  load multiple .env files with { path: ['.env.local', '.env'] }
2026-02-14 18:49:33 [32minfo[39m: [SERVER] Using Local Storage Provider. {"service":"print-shop-server"}
2026-02-14 18:49:33 [32minfo[39m: [SERVER] Pricing configuration loaded. {"service":"print-shop-server"}
2026-02-14 18:49:33 [33mwarn[39m: [TELEGRAM] Bot token not found. Bot is disabled. {"service":"print-shop-server"}
2026-02-14 18:49:33 [32minfo[39m: [SERVER] LowDB database initialized at: {"service":"print-shop-server"}
2026-02-14 18:49:33 [32minfo[39m: [SERVER] Multer configured for file uploads. {"service":"print-shop-server"}
2026-02-14 18:49:33 [32minfo[39m: [SERVER] Initializing Square client... {"service":"print-shop-server"}
2026-02-14 18:49:33 [32minfo[39m: [SERVER] Square client initialized in SANDBOX mode. {"service":"print-shop-server"}
2026-02-14 18:49:33 [32minfo[39m: [SERVER] Verifying connection to Square servers... {"service":"print-shop-server"}
2026-02-14 18:49:33 [32minfo[39m: ✅ [SERVER] DNS resolution successful. Network connection appears to be working. {"service":"print-shop-server"}
2026-02-14 18:49:33 [32minfo[39m: [SERVER] Square client initialized. {"service":"print-shop-server"}
2026-02-14 18:49:33 [32minfo[39m: [SERVER] Performing sanity check on Square client... {"service":"print-shop-server"}
2026-02-14 18:49:33 [32minfo[39m: ✅ [SERVER] Sanity check passed. Client has required API properties. {"service":"print-shop-server"}
2026-02-14 18:49:33 [32minfo[39m: [SERVER] Using MemoryStore for session storage. {"service":"print-shop-server"}
2026-02-14 18:49:33 [33mwarn[39m: ⚠️ [SECURITY] CSRF_SECRET is not set or is weak. Using a default for development. {"service":"print-shop-server"}
2026-02-14 18:49:33 [33mwarn[39m:    Do not use this configuration in production. {"service":"print-shop-server"}
2026-02-14 18:49:33 [32minfo[39m: [SERVER] Middleware (CORS, JSON, static file serving) enabled. {"service":"print-shop-server"}
2026-02-14 18:49:33 [33mwarn[39m: [TRACKER] EASYPOST_API_KEY is not set. Shipment tracker is disabled. {"service":"print-shop-server"}
2026-02-14 18:49:33 [32minfo[39m: [WORKER] Email worker started. {"service":"print-shop-server"}
2026-02-14 18:49:33 [32minfo[39m: [WORKER] Telegram worker started. {"service":"print-shop-server"}
2026-02-14 18:49:33 [32minfo[39m: [WORKER] Odoo worker started. {"service":"print-shop-server"}
2026-02-14 18:49:33 [32minfo[39m: [SERVER] Background workers started. {"service":"print-shop-server"}
2026-02-14 18:49:33 [32minfo[39m: [KEY_MANAGER] Rotating keys... {"service":"print-shop-server"}
2026-02-14 18:49:33 [32minfo[39m: [KEY_MANAGER] Now managing 1 active keys. {"service":"print-shop-server"}
2026-02-14 18:49:33 [32minfo[39m: [SERVER] Signed new session token with key ID: b72481aa9a1cc7e7 {"service":"print-shop-server"}
2026-02-14 18:49:33 [32minfo[39m: [SERVER] Server listening at http://localhost:3000 {"service":"print-shop-server"}
2026-02-14 18:49:33 [32minfo[39m: [WORKER] Processing Odoo job sync-inventory (1771094973498) {"service":"print-shop-server"}
2026-02-14 18:49:33 [33mwarn[39m: [WORKER] Odoo not configured. Skipping job. {"service":"print-shop-server"}
2026-02-14 18:49:43 [32minfo[39m: [PERFORMANCE] {"service":"print-shop-server","method":"GET","url":"/api/server-info","status":200,"durationMs":17.421473}
2026-02-14 18:49:43 [32minfo[39m: [PERFORMANCE] {"service":"print-shop-server","method":"GET","url":"/api/csrf-token","status":200,"durationMs":5.548447}
2026-02-14 18:50:14 [32minfo[39m: [PERFORMANCE] {"service":"print-shop-server","method":"GET","url":"/api/server-info","status":200,"durationMs":3.064686}
2026-02-14 18:50:14 [32minfo[39m: [PERFORMANCE] {"service":"print-shop-server","method":"GET","url":"/api/csrf-token","status":200,"durationMs":2.483322}
2026-02-14 18:51:01 [32minfo[39m: [PERFORMANCE] {"service":"print-shop-server","method":"GET","url":"/api/server-info","status":200,"durationMs":2.787727}
2026-02-14 18:51:01 [32minfo[39m: [PERFORMANCE] {"service":"print-shop-server","method":"GET","url":"/api/csrf-token","status":200,"durationMs":2.061427}
2026-02-14 18:51:37 [32minfo[39m: [PERFORMANCE] {"service":"print-shop-server","method":"GET","url":"/api/server-info","status":200,"durationMs":2.226383}
2026-02-14 18:51:37 [32minfo[39m: [PERFORMANCE] {"service":"print-shop-server","method":"GET","url":"/api/csrf-token","status":200,"durationMs":4.098746}
2026-02-14 18:52:08 [32minfo[39m: [PERFORMANCE] {"service":"print-shop-server","method":"GET","url":"/api/server-info","status":200,"durationMs":4.327439}
2026-02-14 18:52:08 [32minfo[39m: [PERFORMANCE] {"service":"print-shop-server","method":"GET","url":"/api/csrf-token","status":200,"durationMs":2.197467}
