
> lokimetasmith.github.io@1.0.0 dev /app
> vite


  VITE v7.3.1  ready in 542 ms

  ➜  Local:   https://localhost:5173/
  ➜  Network: https://192.168.0.2:5173/
9:22:17 PM [vite] (client) hmr update /styles.css?direct
9:22:17 PM [vite] (client) hmr update /styles.css?direct
9:24:11 PM [vite] (client) hmr update /styles.css?direct
9:24:11 PM [vite] (client) hmr update /styles.css?direct
9:24:11 PM [vite] (client) hmr update /styles.css?direct
9:24:11 PM [vite] (client) hmr update /styles.css?direct
9:24:11 PM [vite] (client) hmr update /styles.css?direct
9:24:11 PM [vite] (client) hmr update /styles.css?direct
9:24:12 PM [vite] (client) hmr update /styles.css?direct
9:24:12 PM [vite] (client) hmr update /styles.css?direct
9:24:27 PM [vite] (client) hmr update /styles.css?direct
9:24:27 PM [vite] (client) hmr update /styles.css?direct
9:24:48 PM [vite] (client) hmr update /styles.css?direct
9:24:48 PM [vite] (client) hmr update /styles.css?direct
9:24:48 PM [vite] (client) hmr update /styles.css?direct
9:24:48 PM [vite] (client) hmr update /styles.css?direct
9:24:48 PM [vite] (client) hmr update /styles.css?direct
9:24:48 PM [vite] (client) hmr update /styles.css?direct
9:24:49 PM [vite] (client) hmr update /styles.css?direct
9:24:49 PM [vite] (client) hmr update /styles.css?direct
9:24:57 PM [vite] (client) hmr update /styles.css?direct
9:24:57 PM [vite] (client) hmr update /styles.css?direct
9:24:57 PM [vite] (client) hmr update /styles.css?direct
9:24:58 PM [vite] (client) hmr update /styles.css?direct
9:24:58 PM [vite] (client) hmr update /styles.css?direct
9:24:58 PM [vite] (client) hmr update /styles.css?direct
9:24:58 PM [vite] (client) hmr update /styles.css?direct
9:24:58 PM [vite] (client) hmr update /styles.css?direct
9:24:58 PM [vite] (client) hmr update /styles.css?direct
9:24:58 PM [vite] (client) hmr update /styles.css?direct
9:25:34 PM [vite] (client) hmr update /styles.css?direct
9:25:34 PM [vite] (client) hmr update /styles.css?direct
9:25:34 PM [vite] (client) hmr update /styles.css?direct
9:25:34 PM [vite] (client) hmr update /styles.css?direct
9:25:35 PM [vite] (client) hmr update /styles.css?direct
9:25:35 PM [vite] (client) hmr update /styles.css?direct
9:25:35 PM [vite] (client) hmr update /styles.css?direct
9:25:35 PM [vite] (client) hmr update /styles.css?direct
9:26:12 PM [vite] (client) hmr update /styles.css?direct
9:26:12 PM [vite] (client) hmr update /styles.css?direct
9:26:12 PM [vite] (client) hmr update /styles.css?direct
9:26:12 PM [vite] (client) hmr update /styles.css?direct
9:26:12 PM [vite] (client) hmr update /styles.css?direct
9:26:12 PM [vite] (client) hmr update /styles.css?direct
9:26:12 PM [vite] (client) hmr update /styles.css?direct
9:26:12 PM [vite] (client) hmr update /styles.css?direct
9:27:14 PM [vite] (client) hmr update /styles.css?direct
9:27:14 PM [vite] (client) hmr update /styles.css?direct
9:27:14 PM [vite] (client) hmr update /styles.css?direct
9:27:14 PM [vite] (client) hmr update /styles.css?direct
9:27:15 PM [vite] (client) hmr update /styles.css?direct
9:27:15 PM [vite] (client) hmr update /styles.css?direct
9:27:15 PM [vite] (client) hmr update /styles.css?direct
9:27:15 PM [vite] (client) hmr update /styles.css?direct
9:28:53 PM [vite] (client) hmr update /styles.css?direct
9:28:53 PM [vite] (client) hmr update /styles.css?direct
9:28:53 PM [vite] (client) hmr update /styles.css?direct
9:28:53 PM [vite] (client) hmr update /styles.css?direct
9:28:53 PM [vite] (client) hmr update /styles.css?direct
9:28:53 PM [vite] (client) hmr update /styles.css?direct
9:28:54 PM [vite] (client) hmr update /styles.css?direct
9:28:54 PM [vite] (client) hmr update /styles.css?direct
9:29:25 PM [vite] (client) hmr update /styles.css?direct
9:29:25 PM [vite] (client) hmr update /styles.css?direct
9:29:25 PM [vite] (client) hmr update /styles.css?direct
9:29:25 PM [vite] (client) hmr update /styles.css?direct
9:29:25 PM [vite] (client) hmr update /styles.css?direct
9:29:25 PM [vite] (client) hmr update /styles.css?direct
9:29:26 PM [vite] (client) hmr update /styles.css?direct
9:29:26 PM [vite] (client) hmr update /styles.css?direct
9:29:26 PM [vite] (client) hmr update /styles.css?direct
9:29:26 PM [vite] (client) hmr update /styles.css?direct
