
> lokimetasmith.github.io@1.0.0 dev
> vite


  VITE v7.1.12  ready in 745 ms

  ➜  Local:   http://localhost:5173/
  ➜  Network: http://192.168.0.2:5173/
3:51:17 PM [vite] (client) page reload src/lib/image-processing.js
3:51:17 PM [vite] (client) hmr update /styles.css?direct
3:51:38 PM [vite] (client) hmr update /styles.css?direct
3:51:38 PM [vite] (client) hmr update /styles.css?direct
3:54:06 PM [vite] (client) hmr update /styles.css?direct
3:54:06 PM [vite] (client) hmr update /styles.css?direct
3:54:06 PM [vite] (client) hmr update /styles.css?direct
3:54:06 PM [vite] (client) hmr update /styles.css?direct
3:54:06 PM [vite] (client) hmr update /styles.css?direct
3:54:07 PM [vite] (client) hmr update /styles.css?direct
3:54:55 PM [vite] (client) hmr update /styles.css?direct
3:54:55 PM [vite] (client) hmr update /styles.css?direct
3:54:55 PM [vite] (client) hmr update /styles.css?direct
3:54:55 PM [vite] (client) hmr update /styles.css?direct
3:54:55 PM [vite] (client) hmr update /styles.css?direct
3:54:55 PM [vite] (client) hmr update /styles.css?direct
3:55:46 PM [vite] (client) hmr update /styles.css?direct
3:55:46 PM [vite] (client) hmr update /styles.css?direct
3:55:46 PM [vite] (client) hmr update /styles.css?direct
3:55:46 PM [vite] (client) hmr update /styles.css?direct
3:55:46 PM [vite] (client) hmr update /styles.css?direct
3:55:46 PM [vite] (client) hmr update /styles.css?direct
3:56:28 PM [vite] (client) hmr update /styles.css?direct
3:56:28 PM [vite] (client) hmr update /styles.css?direct
3:56:28 PM [vite] (client) hmr update /styles.css?direct
3:56:28 PM [vite] (client) hmr update /styles.css?direct
3:56:29 PM [vite] (client) hmr update /styles.css?direct
3:56:29 PM [vite] (client) hmr update /styles.css?direct
3:57:04 PM [vite] (client) page reload src/lib/image-processing.js
3:57:04 PM [vite] (client) hmr update /styles.css?direct
3:57:10 PM [vite] (client) page reload src/lib/image-processing.js
3:57:10 PM [vite] (client) hmr update /styles.css?direct
3:57:43 PM [vite] (client) hmr update /styles.css?direct
3:57:43 PM [vite] (client) hmr update /styles.css?direct
3:57:43 PM [vite] (client) hmr update /styles.css?direct
3:57:43 PM [vite] (client) hmr update /styles.css?direct
3:57:44 PM [vite] (client) hmr update /styles.css?direct
3:57:44 PM [vite] (client) hmr update /styles.css?direct
3:58:48 PM [vite] (client) hmr update /styles.css?direct
3:58:48 PM [vite] (client) hmr update /styles.css?direct
3:58:48 PM [vite] (client) hmr update /styles.css?direct
3:58:48 PM [vite] (client) hmr update /styles.css?direct
3:58:49 PM [vite] (client) hmr update /styles.css?direct
3:58:49 PM [vite] (client) hmr update /styles.css?direct
4:00:06 PM [vite] (client) page reload src/lib/image-processing.js
4:00:06 PM [vite] (client) hmr update /styles.css?direct
4:00:25 PM [vite] (client) hmr update /styles.css?direct
4:00:25 PM [vite] (client) hmr update /styles.css?direct
4:01:03 PM [vite] (client) hmr update /styles.css?direct
4:01:03 PM [vite] (client) hmr update /styles.css?direct
4:01:03 PM [vite] (client) hmr update /styles.css?direct
4:01:03 PM [vite] (client) hmr update /styles.css?direct
4:01:03 PM [vite] (client) hmr update /styles.css?direct
4:01:03 PM [vite] (client) hmr update /styles.css?direct
4:01:39 PM [vite] (client) page reload src/lib/image-processing.js
4:01:39 PM [vite] (client) hmr update /styles.css?direct
4:01:48 PM [vite] (client) hmr update /styles.css?direct
4:01:48 PM [vite] (client) hmr update /styles.css?direct
4:01:48 PM [vite] (client) hmr update /styles.css?direct
4:01:48 PM [vite] (client) hmr update /styles.css?direct
4:01:49 PM [vite] (client) hmr update /styles.css?direct
4:01:49 PM [vite] (client) hmr update /styles.css?direct
4:02:48 PM [vite] (client) hmr update /styles.css?direct
4:02:48 PM [vite] (client) hmr update /styles.css?direct
4:02:48 PM [vite] (client) hmr update /styles.css?direct
4:02:48 PM [vite] (client) hmr update /styles.css?direct
4:02:48 PM [vite] (client) hmr update /styles.css?direct
4:02:48 PM [vite] (client) hmr update /styles.css?direct
4:04:10 PM [vite] (client) page reload src/lib/image-processing.js
4:04:10 PM [vite] (client) hmr update /styles.css?direct
4:07:10 PM [vite] (client) hmr update /styles.css?direct
4:07:10 PM [vite] (client) hmr update /styles.css?direct
