[dotenv@17.2.1] injecting env (0) from .env -- tip: ⚙️  load multiple .env files with { path: ['.env.local', '.env'] }
2026-02-15 02:26:31 [33mwarn[39m: [QUEUE] Redis unavailable. Falling back to in-memory queues. {"service":"print-shop-server"}
[dotenv@17.2.1] injecting env (0) from .env -- tip: 📡 version env with Radar: https://dotenvx.com/radar
2026-02-15 02:26:31 [32minfo[39m: [SERVER] Using Local Storage Provider. {"service":"print-shop-server"}
2026-02-15 02:26:31 [32minfo[39m: [SERVER] Pricing configuration loaded. {"service":"print-shop-server"}
2026-02-15 02:26:31 [33mwarn[39m: [TELEGRAM] Bot token not found. Bot is disabled. {"service":"print-shop-server"}
2026-02-15 02:26:31 [32minfo[39m: [SERVER] LowDB database initialized at: {"service":"print-shop-server"}
2026-02-15 02:26:31 [32minfo[39m: [SERVER] Multer configured for file uploads. {"service":"print-shop-server"}
2026-02-15 02:26:31 [32minfo[39m: [SERVER] Initializing Square client... {"service":"print-shop-server"}
2026-02-15 02:26:31 [33mwarn[39m: ⚠️ [SERVER] SQUARE_ACCESS_TOKEN is not set. Square integration will be disabled/mocked. {"service":"print-shop-server"}
2026-02-15 02:26:31 [32minfo[39m: [SERVER] Square client initialized. {"service":"print-shop-server"}
2026-02-15 02:26:31 [32minfo[39m: [SERVER] Performing sanity check on Square client... {"service":"print-shop-server"}
2026-02-15 02:26:31 [32minfo[39m: ✅ [SERVER] Sanity check passed. Client has required API properties. {"service":"print-shop-server"}
2026-02-15 02:26:31 [32minfo[39m: [SERVER] Using MemoryStore for session storage. {"service":"print-shop-server"}
2026-02-15 02:26:31 [33mwarn[39m: ⚠️ [SECURITY] CSRF_SECRET is not set or is weak. Using a default for development. {"service":"print-shop-server"}
2026-02-15 02:26:31 [33mwarn[39m:    Do not use this configuration in production. {"service":"print-shop-server"}
2026-02-15 02:26:31 [33mwarn[39m: ⚠️ [SECURITY] SESSION_SECRET is not set. Using a default for development. {"service":"print-shop-server"}
2026-02-15 02:26:31 [33mwarn[39m:    Do not use this configuration in production. {"service":"print-shop-server"}
2026-02-15 02:26:31 [32minfo[39m: [SERVER] Middleware (CORS, JSON, static file serving) enabled. {"service":"print-shop-server"}
2026-02-15 02:26:31 [33mwarn[39m: [TRACKER] EASYPOST_API_KEY is not set. Shipment tracker is disabled. {"service":"print-shop-server"}
2026-02-15 02:26:31 [32minfo[39m: [WORKER] Email worker started. {"service":"print-shop-server"}
2026-02-15 02:26:31 [32minfo[39m: [WORKER] Telegram worker started. {"service":"print-shop-server"}
2026-02-15 02:26:31 [32minfo[39m: [WORKER] Odoo worker started. {"service":"print-shop-server"}
2026-02-15 02:26:31 [32minfo[39m: [SERVER] Background workers started. {"service":"print-shop-server"}
2026-02-15 02:26:31 [32minfo[39m: [KEY_MANAGER] Rotating keys... {"service":"print-shop-server"}
2026-02-15 02:26:31 [32minfo[39m: [KEY_MANAGER] Now managing 1 active keys. {"service":"print-shop-server"}
2026-02-15 02:26:31 [32minfo[39m: [SERVER] Signed new session token with key ID: 8df91ba148c73698 {"service":"print-shop-server"}
2026-02-15 02:26:31 [32minfo[39m: [SERVER] Server listening at http://localhost:3000 {"service":"print-shop-server"}
2026-02-15 02:26:31 [31merror[39m: ❌ [FATAL] Port 3000 is already in use. {"service":"print-shop-server"}
2026-02-15 02:26:31 [31merror[39m: Please close the other process or specify a different port in your .env file. {"service":"print-shop-server"}
