
> server@1.0.0 start
> node index.js

[dotenv@17.2.3] injecting env (17) from .env -- tip: ⚙️  load multiple .env files with { path: ['.env.local', '.env'] }
[dotenv@17.2.3] injecting env (0) from .env -- tip: ⚙️  suppress all logs with { quiet: true }
2026-02-04 18:53:44 [32minfo[39m: [SERVER] Pricing configuration loaded. {"service":"print-shop-server"}
2026-02-04 18:53:44 [32minfo[39m: [BOT] Telegraf bot launched. {"service":"print-shop-server"}
2026-02-04 18:53:44 [32minfo[39m: [SERVER] Initialized caches (O(N) optimized). Active: 0, Shipped: 0, Users Indexed: 0 {"service":"print-shop-server"}
2026-02-04 18:53:44 [32minfo[39m: [SERVER] LowDB database initialized at: {"service":"print-shop-server"}
2026-02-04 18:53:44 [32minfo[39m: [SERVER] Multer configured for file uploads. {"service":"print-shop-server"}
2026-02-04 18:53:44 [32minfo[39m: [SERVER] Initializing Square client... {"service":"print-shop-server"}
2026-02-04 18:53:44 [32minfo[39m: [SERVER] Verifying connection to Square servers... {"service":"print-shop-server"}
2026-02-04 18:53:44 [32minfo[39m: ✅ [SERVER] DNS resolution successful. Network connection appears to be working. {"service":"print-shop-server"}
2026-02-04 18:53:44 [32minfo[39m: [SERVER] Square client initialized. {"service":"print-shop-server"}
2026-02-04 18:53:44 [32minfo[39m: [SERVER] Performing sanity check on Square client... {"service":"print-shop-server"}
2026-02-04 18:53:44 [32minfo[39m: ✅ [SERVER] Sanity check passed. Client has required API properties. {"service":"print-shop-server"}
2026-02-04 18:53:44 [32minfo[39m: ✅ [SERVER] Custom CSRF_SECRET is set. {"service":"print-shop-server"}
2026-02-04 18:53:44 [32minfo[39m: [SERVER] Middleware (CORS, JSON, static file serving) enabled. {"service":"print-shop-server"}
2026-02-04 18:53:44 [33mwarn[39m: [TRACKER] EASYPOST_API_KEY is not set. Shipment tracker is disabled. {"service":"print-shop-server"}
2026-02-04 18:53:44 [32minfo[39m: [KEY_MANAGER] Rotating keys... {"service":"print-shop-server"}
2026-02-04 18:53:44 [32minfo[39m: [KEY_MANAGER] Now managing 1 active keys. {"service":"print-shop-server"}
2026-02-04 18:53:44 [32minfo[39m: [SERVER] Signed new session token with key ID: eb96c443ba8060e7 {"service":"print-shop-server"}
2026-02-04 18:53:44 [32minfo[39m: [SERVER] Server listening at http://localhost:3000 {"service":"print-shop-server"}
2026-02-04 18:53:44 [31merror[39m: ❌ [FATAL] Unhandled Rejection at: {"service":"print-shop-server","promise":{},"reason":{"response":{"ok":false,"error_code":404,"description":"Not Found"},"on":{"method":"setMyCommands","payload":{"commands":[{"command":"jobs","description":"Lists all active jobs"},{"command":"new_orders","description":"Lists all NEW orders"},{"command":"in_process_orders","description":"Lists all ACCEPTED or PRINTING orders"},{"command":"shipped_orders","description":"Lists all SHIPPED orders"},{"command":"canceled_orders","description":"Lists all CANCELED orders"},{"command":"delivered_orders","description":"Lists all DELIVERED orders"},{"command":"completed_orders","description":"Lists all COMPLETED orders"}]}}}}
2026-02-04 18:53:45 [31merror[39m: ❌ [FATAL] Unhandled Rejection at: {"service":"print-shop-server","promise":{},"reason":{"response":{"ok":false,"error_code":404,"description":"Not Found"},"on":{"method":"getMe","payload":{}}}}
2026-02-04 18:54:07 [32minfo[39m: [PERFORMANCE] {"service":"print-shop-server","method":"GET","url":"/api/csrf-token","status":200,"durationMs":25.693538}
2026-02-04 18:54:07 [32minfo[39m: [PERFORMANCE] {"service":"print-shop-server","method":"GET","url":"/api/pricing-info","status":200,"durationMs":3.222458}
2026-02-04 18:54:08 [32minfo[39m: [PERFORMANCE] {"service":"print-shop-server","method":"GET","url":"/api/auth/verify-token","status":401,"durationMs":3.963987}
2026-02-04 18:55:35 [32minfo[39m: [PERFORMANCE] {"service":"print-shop-server","method":"GET","url":"/api/csrf-token","status":200,"durationMs":5.865865}
2026-02-04 18:55:35 [32minfo[39m: [PERFORMANCE] {"service":"print-shop-server","method":"GET","url":"/api/pricing-info","status":200,"durationMs":3.347856}
2026-02-04 18:55:36 [32minfo[39m: [PERFORMANCE] {"service":"print-shop-server","method":"GET","url":"/api/auth/verify-token","status":401,"durationMs":2.386611}
