[dotenv@17.2.1] injecting env (18) from .env -- tip: ⚙️  suppress all logs with { quiet: true }
2026-02-15 02:25:30 [33mwarn[39m: [QUEUE] Redis unavailable. Falling back to in-memory queues. {"service":"print-shop-server"}
[dotenv@17.2.1] injecting env (0) from .env -- tip: 📡 auto-backup env with Radar: https://dotenvx.com/radar
2026-02-15 02:25:30 [32minfo[39m: [SERVER] Using Local Storage Provider. {"service":"print-shop-server"}
2026-02-15 02:25:31 [32minfo[39m: [SERVER] Pricing configuration loaded. {"service":"print-shop-server"}
2026-02-15 02:25:31 [32minfo[39m: [BOT] Telegraf bot launched (Polling enabled). {"service":"print-shop-server"}
2026-02-15 02:25:31 [32minfo[39m: [SERVER] LowDB database initialized at: {"service":"print-shop-server"}
2026-02-15 02:25:31 [32minfo[39m: [SERVER] Multer configured for file uploads. {"service":"print-shop-server"}
2026-02-15 02:25:31 [32minfo[39m: [SERVER] Initializing Square client... {"service":"print-shop-server"}
2026-02-15 02:25:31 [33mwarn[39m: ⚠️ [SERVER] SQUARE_ACCESS_TOKEN is not set. Square integration will be disabled/mocked. {"service":"print-shop-server"}
2026-02-15 02:25:31 [32minfo[39m: [SERVER] Square client initialized. {"service":"print-shop-server"}
2026-02-15 02:25:31 [32minfo[39m: [SERVER] Performing sanity check on Square client... {"service":"print-shop-server"}
2026-02-15 02:25:31 [32minfo[39m: ✅ [SERVER] Sanity check passed. Client has required API properties. {"service":"print-shop-server"}
2026-02-15 02:25:31 [32minfo[39m: [SERVER] Using MemoryStore for session storage. {"service":"print-shop-server"}
2026-02-15 02:25:31 [32minfo[39m: ✅ [SERVER] Custom CSRF_SECRET is set. {"service":"print-shop-server"}
2026-02-15 02:25:31 [32minfo[39m: [SERVER] Middleware (CORS, JSON, static file serving) enabled. {"service":"print-shop-server"}
2026-02-15 02:25:31 [33mwarn[39m: [TRACKER] EASYPOST_API_KEY is not set. Shipment tracker is disabled. {"service":"print-shop-server"}
2026-02-15 02:25:31 [32minfo[39m: [WORKER] Email worker started. {"service":"print-shop-server"}
2026-02-15 02:25:31 [32minfo[39m: [WORKER] Telegram worker started. {"service":"print-shop-server"}
2026-02-15 02:25:31 [32minfo[39m: [WORKER] Odoo worker started. {"service":"print-shop-server"}
2026-02-15 02:25:31 [32minfo[39m: [SERVER] Background workers started. {"service":"print-shop-server"}
2026-02-15 02:25:31 [32minfo[39m: [KEY_MANAGER] Rotating keys... {"service":"print-shop-server"}
2026-02-15 02:25:31 [32minfo[39m: [KEY_MANAGER] Now managing 1 active keys. {"service":"print-shop-server"}
2026-02-15 02:25:31 [32minfo[39m: [SERVER] Signed new session token with key ID: a5118083cd1f95b7 {"service":"print-shop-server"}
2026-02-15 02:25:31 [32minfo[39m: [SERVER] Server listening at http://localhost:3000 {"service":"print-shop-server"}
2026-02-15 02:25:31 [32minfo[39m: [WORKER] Processing Odoo job sync-inventory (1771122331070) {"service":"print-shop-server"}
2026-02-15 02:25:31 [33mwarn[39m: [WORKER] Odoo not configured. Skipping job. {"service":"print-shop-server"}
2026-02-15 02:25:31 [31merror[39m: ❌ [FATAL] Unhandled Rejection at: {"service":"print-shop-server","promise":{},"reason":{"response":{"ok":false,"error_code":404,"description":"Not Found"},"on":{"method":"setMyCommands","payload":{"commands":[{"command":"jobs","description":"Lists all active jobs"},{"command":"new_orders","description":"Lists all NEW orders"},{"command":"in_process_orders","description":"Lists all ACCEPTED or PRINTING orders"},{"command":"shipped_orders","description":"Lists all SHIPPED orders"},{"command":"canceled_orders","description":"Lists all CANCELED orders"},{"command":"delivered_orders","description":"Lists all DELIVERED orders"},{"command":"completed_orders","description":"Lists all COMPLETED orders"}]}}}}
2026-02-15 02:25:31 [31merror[39m: ❌ [FATAL] Unhandled Rejection at: {"service":"print-shop-server","promise":{},"reason":{"response":{"ok":false,"error_code":404,"description":"Not Found"},"on":{"method":"getMe","payload":{}}}}
